[custom_lint] 2026-06-26T19:36:41.624753 Loading dynamic library failed: The specified module could not be found.
[custom_lint] 2026-06-26T19:36:41.624753  (error code: 126)
[custom_lint] 2026-06-26T19:36:41.624753
[custom_lint] 2026-06-26T19:36:41.624753
[custom_lint] 2026-06-26T19:36:41.624753 lib\custom_lint_client.dart is not an AOT snapshot, it cannot be run with 'dartaotruntime'
[custom_lint] 2026-06-26T19:36:41.624753
[custom_lint] 2026-06-26T19:36:41.624753
Failed to start pluginsThe request analysis.setContextRoots failed with the following error:
RequestErrorCode.PLUGIN_ERROR
Bad state: Failed to start the plugins.
at:
#0      SocketCustomLintServerToClientChannel._checkInitializationFail.<anonymous closure> (package:custom_lint/src/v2/server_to_client_channel.dart:223)
<asynchronous suspension>
#1      Future.any.onValue (dart:async/future.dart:637)
<asynchronous suspension>

[custom_lint] 2026-06-26T19:39:28.521824 Loading dynamic library failed: The specified module could not be found.
[custom_lint] 2026-06-26T19:39:28.521824  (error code: 126)
[custom_lint] 2026-06-26T19:39:28.521824
[custom_lint] 2026-06-26T19:39:28.521824
[custom_lint] 2026-06-26T19:39:28.521824 lib\custom_lint_client.dart is not an AOT snapshot, it cannot be run with 'dartaotruntime'
[custom_lint] 2026-06-26T19:39:28.521824
[custom_lint] 2026-06-26T19:39:28.521824
Failed to start pluginsThe request analysis.setContextRoots failed with the following error:
RequestErrorCode.PLUGIN_ERROR
Bad state: Failed to start the plugins.
at:
#0      SocketCustomLintServerToClientChannel._checkInitializationFail.<anonymous closure> (package:custom_lint/src/v2/server_to_client_channel.dart:223)
<asynchronous suspension>
#1      Future.any.onValue (dart:async/future.dart:637)
<asynchronous suspension>

[custom_lint] 2026-06-26T19:39:57.972887 Loading dynamic library failed: The specified module could not be found.
[custom_lint] 2026-06-26T19:39:57.972887  (error code: 126)
[custom_lint] 2026-06-26T19:39:57.972887
[custom_lint] 2026-06-26T19:39:57.972887
[custom_lint] 2026-06-26T19:39:57.972887 lib\custom_lint_client.dart is not an AOT snapshot, it cannot be run with 'dartaotruntime'
[custom_lint] 2026-06-26T19:39:57.972887
[custom_lint] 2026-06-26T19:39:57.972887
Failed to start pluginsThe request analysis.setContextRoots failed with the following error:
RequestErrorCode.PLUGIN_ERROR
Bad state: Failed to start the plugins.
at:
#0      SocketCustomLintServerToClientChannel._checkInitializationFail.<anonymous closure> (package:custom_lint/src/v2/server_to_client_channel.dart:223)
<asynchronous suspension>
#1      Future.any.onValue (dart:async/future.dart:637)
<asynchronous suspension>

